<?xml version="1.0" encoding="UTF-8"?>
<testng-results ignored="0" total="2" passed="2" failed="0" skipped="0">
  <reporter-output>
  </reporter-output>
  <suite started-at="2022-09-01T16:39:03 IST" name="Default suite" finished-at="2022-09-01T16:39:37 IST" duration-ms="34145">
    <groups>
    </groups>
    <test started-at="2022-09-01T16:39:03 IST" name="Default test" finished-at="2022-09-01T16:39:37 IST" duration-ms="34145">
      <class name="amazon_Project.TestNg_Test">
        <test-method is-config="true" signature="BrowserLaunch()[pri:0, instance:amazon_Project.TestNg_Test@1184ab05]" started-at="2022-09-01T16:39:03 IST" name="BrowserLaunch" finished-at="2022-09-01T16:39:18 IST" duration-ms="15098" status="PASS">
          <reporter-output>
          </reporter-output>
        </test-method> <!-- BrowserLaunch -->
        <test-method signature="AmazonLogin()[pri:0, instance:amazon_Project.TestNg_Test@1184ab05]" started-at="2022-09-01T16:39:18 IST" name="AmazonLogin" finished-at="2022-09-01T16:39:23 IST" duration-ms="4879" status="PASS">
          <reporter-output>
          </reporter-output>
        </test-method> <!-- AmazonLogin -->
        <test-method signature="AddToCart()[pri:1, instance:amazon_Project.TestNg_Test@1184ab05]" started-at="2022-09-01T16:39:23 IST" name="AddToCart" finished-at="2022-09-01T16:39:37 IST" duration-ms="13792" status="PASS">
          <reporter-output>
          </reporter-output>
        </test-method> <!-- AddToCart -->
        <test-method is-config="true" signature="BrowserClose()[pri:0, instance:amazon_Project.TestNg_Test@1184ab05]" started-at="2022-09-01T16:39:37 IST" name="BrowserClose" finished-at="2022-09-01T16:39:37 IST" duration-ms="363" status="PASS">
          <reporter-output>
          </reporter-output>
        </test-method> <!-- BrowserClose -->
      </class> <!-- amazon_Project.TestNg_Test -->
    </test> <!-- Default test -->
  </suite> <!-- Default suite -->
</testng-results>
